<<<<<<< HEAD
Base path: C:/Program Files (x86)/Unity/Editor/Data
Cmd: getPlatforms
Cmd: preprocess
  insize=219 outsize=219 ok=1
Cmd: preprocess
  insize=2400 outsize=901 ok=1
Cmd: preprocess
  insize=1654 outsize=543 ok=1
Cmd: preprocess
  insize=2413 outsize=532 ok=1
Cmd: preprocess
  insize=2047 outsize=529 ok=1
Cmd: preprocess
  insize=480 outsize=480 ok=1
Cmd: preprocess
  insize=2533 outsize=587 ok=1
Cmd: preprocess
  insize=2166 outsize=585 ok=1
Cmd: preprocess
  insize=1487 outsize=661 ok=1
Cmd: preprocess
  insize=1535 outsize=882 ok=1
Cmd: preprocess
  insize=1586 outsize=678 ok=1
Cmd: preprocess
  insize=2767 outsize=903 ok=1
Cmd: preprocess
  insize=1643 outsize=585 ok=1
Cmd: preprocess
  insize=1511 outsize=530 ok=1
Cmd: preprocess
  insize=2919 outsize=1889 ok=1
Cmd: preprocess
  insize=1867 outsize=901 ok=1
Cmd: preprocess
  insize=2557 outsize=545 ok=1
Cmd: preprocess
  insize=435 outsize=435 ok=1
Cmd: preprocess
  insize=1548 outsize=559 ok=1
Cmd: preprocess
  insize=1497 outsize=892 ok=1
Cmd: preprocess
  insize=6033 outsize=3624 ok=1
Cmd: preprocess
  insize=1547 outsize=936 ok=1
Cmd: preprocess
  insize=2263 outsize=2392 ok=1
Cmd: preprocess
  insize=1370 outsize=542 ok=1
Cmd: preprocess
  insize=1315 outsize=535 ok=1
Cmd: preprocess
  insize=2190 outsize=544 ok=1
Cmd: preprocess
  insize=1751 outsize=981 ok=1
Cmd: compileSnippet
  api=4 type=0 insize=4816 outsize=2010 kw= pd=UNITY_ENABLE_REFLECTION_BUFFERS UNITY_PBS_USE_BRDF1 UNITY_SPECCUBE_BOX_PROJECTION UNITY_SPECCUBE_BLENDING SHADER_API_DESKTOP UNITY_COLORSPACE_GAMMA ok=1
Cmd: compileSnippet
  api=4 type=1 insize=4816 outsize=478 kw= pd=UNITY_ENABLE_REFLECTION_BUFFERS UNITY_PBS_USE_BRDF1 UNITY_SPECCUBE_BOX_PROJECTION UNITY_SPECCUBE_BLENDING SHADER_API_DESKTOP UNITY_COLORSPACE_GAMMA ok=1
Cmd: compileSnippet
  api=4 type=0 insize=1517 outsize=666 kw= pd=UNITY_ENABLE_REFLECTION_BUFFERS UNITY_PBS_USE_BRDF1 UNITY_SPECCUBE_BOX_PROJECTION UNITY_SPECCUBE_BLENDING SHADER_API_DESKTOP UNITY_COLORSPACE_GAMMA ok=1
Cmd: compileSnippet
  api=4 type=1 insize=1517 outsize=666 kw= pd=UNITY_ENABLE_REFLECTION_BUFFERS UNITY_PBS_USE_BRDF1 UNITY_SPECCUBE_BOX_PROJECTION UNITY_SPECCUBE_BLENDING SHADER_API_DESKTOP UNITY_COLORSPACE_GAMMA ok=1
=======
Base path: C:/Program Files/Unity/Editor/Data
Cmd: initializeCompiler
<<<<<<< HEAD
>>>>>>> Level1_4 finished,Bug fix,optimization Controller,Add GA kit
=======
Cmd: preprocess
  insize=238 outsize=238 ok=1
Cmd: preprocess
  insize=2524 outsize=963 ok=1
Cmd: preprocess
  insize=1739 outsize=579 ok=1
Cmd: preprocess
  insize=2518 outsize=567 ok=1
Cmd: preprocess
  insize=2145 outsize=565 ok=1
Cmd: preprocess
  insize=516 outsize=516 ok=1
Cmd: preprocess
  insize=2639 outsize=623 ok=1
Cmd: preprocess
  insize=2264 outsize=621 ok=1
Cmd: preprocess
  insize=1563 outsize=697 ok=1
Cmd: preprocess
  insize=1637 outsize=947 ok=1
Cmd: preprocess
  insize=1666 outsize=715 ok=1
Cmd: preprocess
  insize=2899 outsize=965 ok=1
Cmd: preprocess
  insize=1725 outsize=621 ok=1
Cmd: preprocess
  insize=1593 outsize=565 ok=1
Cmd: preprocess
  insize=3042 outsize=1918 ok=1
Cmd: preprocess
  insize=1975 outsize=963 ok=1
Cmd: preprocess
  insize=2666 outsize=581 ok=1
Cmd: preprocess
  insize=469 outsize=469 ok=1
Cmd: preprocess
  insize=1630 outsize=594 ok=1
Cmd: preprocess
  insize=1595 outsize=954 ok=1
Cmd: preprocess
  insize=6303 outsize=3718 ok=1
Cmd: preprocess
  insize=1648 outsize=1001 ok=1
Cmd: preprocess
  insize=2361 outsize=2422 ok=1
Cmd: preprocess
  insize=1445 outsize=577 ok=1
Cmd: preprocess
  insize=1393 outsize=570 ok=1
Cmd: preprocess
  insize=2291 outsize=579 ok=1
Cmd: preprocess
  insize=1859 outsize=1049 ok=1
>>>>>>> merge
